CHECK    MIYASHITA


MODE : REAL TIME
METHOD : FULL SCAN
OBJECT : HACKING
BODY : -0.51 +0.49

-------------------------

CHECK CONNECT
MOTOR FIBERS CHECK START
CONNECT POINT NCL.
NCL.AMBIGUUS
SEARCH AN ARTIFICIAL BODY
NCL AMBIGUUS CHECK
AN ARTIFICIAL BODYS POINT
GANGLION SUPERIUS CALLING
GANGLION SUPERIUS CHECK
NO REJECTION
FORAMEN JUGULARE PASS
GANGLION INFERIUS CALLING
GANGLINO INFERIUS CHECK
PROPER VOLTAGE
RAMIPHARYNGEI CALLING
N. LARYNGEUS SUPERIR CALLING
RAMIPHARYNGEI CHECK
PLEXUS PHARYNGEUS CALLING
PLEXUS PHARYNGEUS CHECK
NEXT
M. LEVATOR VELIPALATINI
MM. CONSTRICTORES PHARYNGEUS
 CALLING...
M. LEVATOR VELIPALATINI
MM. CONSTRICTORES PHARYNGEUS
 CONNECT
N. LARYNGEUS SUPERIOR CHECK
N. LARYNGEUS RECURRENS CHECK
RAMUS EXTERNUS CHECK
NEXT
M. CIRCOTHYROIDEUS CONNECT
RAMI ESOPHAGEI CALLING
N. LARYNGEUS RECURRENS CHECK
NO REJECTION
CHECK FEEDBACK TO
NCL. AMBIGUUS
RAMI TRACHEALES CHECK
FEEDBACK TO NCL. AMBIGUUS
RAMI ESOPHAGEI CHECK
NEXT
N. LARYNGEUS INFERIOR CHECK
CONNECT N. VAGUS MOTOR FIBERS
 CHECK OVER
EXTEROCEPTIVE SENSORY FIBER
 CHECK STRAT
CONNECT POINT NCL.
 NCL.. SPINALIS N.TRIGEMINI
SEARCH AN ARTIFICIAL BODY
NCL.. SPINALIS N. TRIGEMINI
 CHECK
AN ARTIFICIAL BODYS POINT
TR. SPINALIS N. TRIGEMINI
NO REJECTION
TR. SPINALIS N. TRIGEMINI
CANALICULUS MASTOIDEUS
VISCEROMOTOR FIBERS CHECK
CANALICULUS MASTOIDEUS
CONNECT POINT NCL.
NCL.. DORSALIS N. VAGI
RAMUS AURICULARIS CHECK
CHECK FEEDBACK TO
NCL. SPINALIS N. TRIGEMINI
SEARCH AN ARTIFICIAL BODY
N. VAGUS EXEROCEPTIVESE
FEEDBACK TO
NCL. SPINALIS N. TRIGEMINI
 CHECK OVER
AN ARTIFICIAL BODYS POINT
NCL.. DORSALIS N. VAGI CHECK
GANGLION SUPERIUS CALLING
NO REJECTION
GANGLION SUPERIUS CHECK
FORAMEN JUGULARE PASS
GANGLION INFERIUS CHECK
SAFETY CONNECT PROGRAM CALLING
RAMI CORDIACICERVICALES
 CALLING ...
RAMI CARDIACICERVICALES
NO REJECTION
NEXT
RAMI CARDIACICERVICALES
 CALLING ...
PLESUS CARDIACUS CALLING
RAMI CARDIACICERVICALES
PLESUS CARDIACUS CHECK
M. ATSUMO TOKAORU CHECK
ATOMIC DISPOSITION O.K.
M. YGODDESS CHECK
 CHECK OVER
GUSTATORY FIBERS
 CHECK STRAT
CONNECT POINT NCL.
 NCL.. SOLITARIUS
SEARCH AN ARTIFICIAL BODY
NCL. SOLITARIUS CHECK
AN ARTIFICIAL BODYS POINT
GANGLION SUPERIUS CALLING
NO NOIZE
NEXT
GANGLION SUPERIUS CHECK
FORAMEN JUGULARE PASS
GANGLION INFERIUS CALLING
GANGLION INFERIUS CHECK
RAMI PHARYNGEI CALLING
RAMI PHARYNGEI CHECK
PLEXUS PHARYNCEUS CALLING
NO REJECTION
PLEXUS PHARYNGEUS CHECK
TASTE BUDS CALLING
CHECK FEEDBACK TO
NCL. SOLITARIUS
TASTE BUDS CONNECT
FEEDBACK NCL. SOLITARIUS
 CHECK OVER
VISCEROSENSORY FIBERS
 CHECK STRAT
CONNECT POINT NCL.
 NCL. SOLITARIUS
SEARCH AN ARTIFICIAL BODY
NCL. SOLITARIUS CHECK
AN ARTIFICIAL BODYS POINT
TRACTUS SOLTARIUS CALLING
NO NOIZE
TRACTUS SOLITARIUS CHECK
GANGLION SUPERIUS CALLING
NO REJECTION
GANGLION SUPERIUS CHECK
FORAMEN JUGULARE PASS
GANGLION INFERIUS CALLING
GANGLION INFERIUS CHECK
N. LARYNGEUS SUPERIOR CALLING
N. LARYNGEUS RECCURRENS CALLING
PLEXUS PULMONALIS CALLING
N. LARYNGEUS RECCURRENS CHECK
RAMI ESOPHAGEI CALLING
N. LARYNGEUS INFERIOR CALLING
RAMI TRACHEALES CALLING
N. LARYNGEUS SUPERIOR CHECK
RAMUS INTERNUS CALLING
PLEXUS PULMONALIS CHECK
PLEXUS ESOPHAGEUS CALLING
RAMI ESOPHAGEI CHECK
N. LARYNGEUS INFERIOR CHECK
PLEXUS ESOPHAGEUS CHECK
TRUNCUS VAGALIS POSTERIORES
RAMI TRACHEALES CHECK
TRUNCUS VAGALIS ANTERIORES
RAMUS INTERNUS CHECK
VOCAL CORD CALLING
TRUNCUS VAGALIS POSTERIORES
RAMI COELIACI CALLING
RAMI RENALES CALLING ...
TRUNCUS VAGALIS ANTERIORES
RAMI HEPATICI CHECK
PLEXUS HEPATICUS CALLING
RAMI GASTRICI POSTERIORES
RAMI RENALES CHECK
PLEXUS RENALIS CALLING
RAMI COELIACI CHECK
PLEXUS COELICUS CALLING
RAMI HEPATICI CHECK
PLEXUS HEPATICUS CALLING
RAMI GASTRICI ANTERIORES
PLEXUS COELICUS CHECK
RAMI GASTRICI POSTERIRES
PLEXUS RENALIS CHECK
RAMI GASTRICI ANTERIORES
CHECK FEEDBACK TO
NCL.. SOLITARIUS
PLEXUS HEPATICUS CHECK
FEEDBACK TO NCL.. SOLITARIUS
VOCAL CORD CHECK
 CHECK OVER
CHECK CONNECT
MOTOR FIBER CHECK START
CONNECT POINT NCL.
 NCL. AMBIGUUS
SEARCH AN ARTIFICIAL BODY
NCL. AMBIGUUS CHECK
AN ARTIFICIAL BODYS POINT
GANGLION SUPERIUS CALLING
GANGLION SUPERIUS CHECK
NO REJECTION
FORAMEN JUGULARE PASS
GANGLION INFERIUS CALLING
GANGLION INFERIUS CHECK
PROPER VOLTAGE
